This is pdfTeX, Version 3.14159265-2.6-1.40.16 (TeX Live 2015) (preloaded format=pdflatex 2016.4.11)  2 JAN 2018 18:32
entering extended mode
 restricted \write18 enabled.
 file:line:error style messages enabled.
 %&-line parsing enabled.
**Chapter1.tex
(./Chapter1.tex
LaTeX2e <2015/01/01>
Babel <3.9l> and hyphenation patterns for 79 languages loaded.

./Chapter1.tex:1: Package babel Error: Unknown language `english'. Either you h
ave
(babel)                misspelled its name, it has not been installed,
(babel)                or you requested it in a previous run. Fix its name,
(babel)                install it or just rerun the file, respectively.

See the babel package documentation for explanation.
Type  H <return>  for immediate help.
 ...                                              
                                                  
l.1 \selectlanguage{english}
                            
? 
./Chapter1.tex:1: Emergency stop.
 ...                                              
                                                  
l.1 \selectlanguage{english}
                            
You may proceed, but expect unexpected results

 
Here is how much of TeX's memory you used:
 7 strings out of 493089
 516 string characters out of 6134842
 53199 words of memory out of 5000000
 3591 multiletter control sequences out of 15000+600000
 3640 words of font info for 14 fonts, out of 8000000 for 9000
 1141 hyphenation exceptions out of 8191
 9i,0n,8p,51b,18s stack positions out of 5000i,500n,10000p,200000b,80000s
./Chapter1.tex:1:  ==> Fatal error occurred, no output PDF file produced!
